<?xml version="1.0" encoding="UTF-8"?>
<!-- Generated by org.testng.reporters.JUnitReportReporter -->
<testsuite hostname="DESKTOP-D304ECA" failures="0" tests="1" name="com.tka.TestFlipkartPage" time="4.191" errors="0" timestamp="2024-12-01T17:49:00 IST" skipped="0">
  <testcase classname="com.tka.TestFlipkartPage" name="TestWebsite" time="4.191"/>
  <system-out/>
</testsuite> <!-- com.tka.TestFlipkartPage -->
